<?xml version="1.0" encoding="UTF-8"?>
<testsuite xmlns:xsi="http://www.w3.org/2001/XMLSchema-instance" xsi:noNamespaceSchemaLocation="https://maven.apache.org/surefire/maven-surefire-plugin/xsd/surefire-test-report.xsd" name="org.json.simple.JSONValueTest" time="0.015" tests="10" errors="0" skipped="0" failures="0">
  <properties>
[...]
</properties>
  <testcase name="testCharArrayToString" classname="org.json.simple.JSONValueTest" time="0"/>
  <testcase name="testDoubleArrayToString" classname="org.json.simple.JSONValueTest" time="0"/>
  <testcase name="testByteArrayToString" classname="org.json.simple.JSONValueTest" time="0"/>
  <testcase name="testObjectArrayToString" classname="org.json.simple.JSONValueTest" time="0"/>
  <testcase name="testShortArrayToString" classname="org.json.simple.JSONValueTest" time="0"/>
  <testcase name="testIntArrayToString" classname="org.json.simple.JSONValueTest" time="0"/>
  <testcase name="testFloatArrayToString" classname="org.json.simple.JSONValueTest" time="0"/>
  <testcase name="testBooleanArrayToString" classname="org.json.simple.JSONValueTest" time="0"/>
  <testcase name="testLongArrayToString" classname="org.json.simple.JSONValueTest" time="0"/>
  <testcase name="testArraysOfArrays" classname="org.json.simple.JSONValueTest" time="0"/>
</testsuite>